#
# There is insufficient memory for the Java Runtime Environment to continue.
# Native memory allocation (malloc) failed to allocate 1070848 bytes for Chunk::new
# Possible reasons:
#   The system is out of physical RAM or swap space
#   In 32 bit mode, the process size limit was hit
# Possible solutions:
#   Reduce memory load on the system
#   Increase physical memory or swap space
#   Check if swap backing store is full
#   Use 64 bit Java on a 64 bit OS
#   Decrease Java heap size (-Xmx/-Xms)
#   Decrease number of Java threads
#   Decrease Java thread stack sizes (-Xss)
#   Set larger code cache with -XX:ReservedCodeCacheSize=
# This output file may be truncated or incomplete.
#
#  Out of Memory Error (allocation.cpp:390), pid=8680, tid=8988
#
# JRE version: Java(TM) SE Runtime Environment (8.0_45-b14) (build 1.8.0_45-b14)
# Java VM: Java HotSpot(TM) 64-Bit Server VM (25.45-b02 mixed mode windows-amd64 compressed oops)
# Failed to write core dump. Minidumps are not enabled by default on client versions of Windows
#

---------------  T H R E A D  ---------------

Current thread (0x0000000014489800):  JavaThread "C2 CompilerThread0" daemon [_thread_in_native, id=8988, stack(0x0000000015a00000,0x0000000015b00000)]

Stack: [0x0000000015a00000,0x0000000015b00000]
Native frames: (J=compiled Java code, j=interpreted, Vv=VM code, C=native code)
V  [jvm.dll+0x32b57a]
V  [jvm.dll+0x279873]
V  [jvm.dll+0x27a509]
V  [jvm.dll+0x271825]
V  [jvm.dll+0xcb9e2]
V  [jvm.dll+0xcbeac]
V  [jvm.dll+0x4929e7]
V  [jvm.dll+0x45f6ff]
V  [jvm.dll+0x46a73b]
V  [jvm.dll+0x46cd52]
V  [jvm.dll+0x4500f2]
V  [jvm.dll+0xa4352]
V  [jvm.dll+0xa4c8f]
V  [jvm.dll+0x241984]
V  [jvm.dll+0x29853a]
C  [msvcr100.dll+0x21d9f]
C  [msvcr100.dll+0x21e3b]
C  [KERNEL32.DLL+0x16ad]
C  [ntdll.dll+0x15454]


Current CompileTask:
C2:  16884 2058   !   4       com.android.dx.cf.code.Ropper::processBlock (1101 bytes)


---------------  P R O C E S S  ---------------

Java Threads: ( => current thread )
  0x00000000160ad000 JavaThread "pool-1-thread-4" [_thread_in_Java, id=3788, stack(0x0000000016f00000,0x0000000017000000)]
  0x0000000016034000 JavaThread "pool-1-thread-3" [_thread_blocked, id=6780, stack(0x0000000016e00000,0x0000000016f00000)]
  0x0000000016032800 JavaThread "pool-1-thread-2" [_thread_in_Java, id=3884, stack(0x0000000016d00000,0x0000000016e00000)]
  0x0000000016022800 JavaThread "pool-2-thread-1" [_thread_blocked, id=8108, stack(0x0000000016c00000,0x0000000016d00000)]
  0x000000001601f800 JavaThread "pool-1-thread-1" [_thread_in_Java, id=8048, stack(0x0000000016b00000,0x0000000016c00000)]
  0x0000000015d04800 JavaThread "Service Thread" daemon [_thread_blocked, id=3508, stack(0x0000000016100000,0x0000000016200000)]
  0x00000000144ed000 JavaThread "C1 CompilerThread2" daemon [_thread_blocked, id=3628, stack(0x0000000015c00000,0x0000000015d00000)]
  0x00000000144e7000 JavaThread "C2 CompilerThread1" daemon [_thread_in_native, id=8992, stack(0x0000000015b00000,0x0000000015c00000)]
=>0x0000000014489800 JavaThread "C2 CompilerThread0" daemon [_thread_in_native, id=8988, stack(0x0000000015a00000,0x0000000015b00000)]
  0x0000000014488000 JavaThread "Attach Listener" daemon [_thread_blocked, id=8476, stack(0x0000000015900000,0x0000000015a00000)]
  0x0000000014487000 JavaThread "Signal Dispatcher" daemon [_thread_blocked, id=7456, stack(0x0000000015800000,0x0000000015900000)]
  0x0000000001db7800 JavaThread "Finalizer" daemon [_thread_blocked, id=8628, stack(0x0000000015700000,0x0000000015800000)]
  0x0000000001daf800 JavaThread "Reference Handler" daemon [_thread_blocked, id=9024, stack(0x0000000015600000,0x0000000015700000)]
  0x0000000001cc0800 JavaThread "main" [_thread_in_Java, id=8488, stack(0x0000000001bc0000,0x0000000001cc0000)]

Other Threads:
  0x0000000014457000 VMThread [stack: 0x0000000015500000,0x0000000015600000] [id=7696]
  0x0000000015d05800 WatcherThread [stack: 0x0000000016200000,0x0000000016300000] [id=536]

VM state:not at safepoint (normal execution)

VM Mutex/Monitor currently owned by a thread: None

Heap:
 PSYoungGen      total 71680K, used 45222K [0x00000000eab00000, 0x00000000f3700000, 0x0000000100000000)
  eden space 66560K, 60% used [0x00000000eab00000,0x00000000ed22e240,0x00000000eec00000)
  from space 5120K, 99% used [0x00000000ef100000,0x00000000ef5fb8c8,0x00000000ef600000)
  to   space 5120K, 0% used [0x00000000eec00000,0x00000000eec00000,0x00000000ef100000)
 ParOldGen       total 87552K, used 24096K [0x00000000c0000000, 0x00000000c5580000, 0x00000000eab00000)
  object space 87552K, 27% used [0x00000000c0000000,0x00000000c1788170,0x00000000c5580000)
 Metaspace       used 6360K, capacity 7216K, committed 7296K, reserved 1056768K
  class space    used 595K, capacity 616K, committed 640K, reserved 1048576K

Card table byte_map: [0x0000000011180000,0x0000000011390000] byte_map_base: 0x0000000010b80000

Marking Bits: (ParMarkBitMap*) 0x0000000062634040
 Begin Bits: [0x00000000118f0000, 0x00000000128f0000)
 End Bits:   [0x00000000128f0000, 0x00000000138f0000)

Polling page: 0x00000000003a0000

CodeCache: size=245760Kb used=10411Kb max_used=10421Kb free=235348Kb
 bounds [0x0000000001dc0000, 0x0000000002800000, 0x0000000010dc0000]
 total_blobs=2360 nmethods=2090 adapters=182
 compilation: enabled

Compilation events (10 events):
Event: 16.646 Thread 0x00000000144ed000 nmethod 2135 0x00000000027c0dd0 code [0x00000000027c1000, 0x00000000027c1af8]
Event: 16.668 Thread 0x00000000144ed000 2136       3       com.android.dx.command.dexer.Main$ClassDefItemConsumer::call (5 bytes)
Event: 16.668 Thread 0x00000000144ed000 nmethod 2136 0x00000000027b7290 code [0x00000000027b7400, 0x00000000027b75a8]
Event: 16.668 Thread 0x00000000144ed000 2137       3       java.util.concurrent.FutureTask::get (23 bytes)
Event: 16.668 Thread 0x00000000144ed000 nmethod 2137 0x00000000027b6e50 code [0x00000000027b6fc0, 0x00000000027b71d8]
Event: 16.668 Thread 0x00000000144ed000 2138       3       com.android.dx.command.dexer.Main::access$2800 (5 bytes)
Event: 16.669 Thread 0x00000000144ed000 nmethod 2138 0x00000000027b6490 code [0x00000000027b6620, 0x00000000027b6b28]
Event: 16.669 Thread 0x00000000144ed000 2139       3       com.android.dx.command.dexer.Main::access$2900 (5 bytes)
Event: 16.669 Thread 0x00000000144ed000 nmethod 2139 0x00000000027c0a10 code [0x00000000027c0b60, 0x00000000027c0d10]
Event: 16.669 Thread 0x00000000144ed000 2140   !   3       java.util.concurrent.LinkedBlockingQueue::take (93 bytes)

GC Heap History (8 events):
Event: 3.546 GC heap before
{Heap before GC invocations=1 (full 0):
 PSYoungGen      total 38400K, used 33280K [0x00000000eab00000, 0x00000000ed580000, 0x0000000100000000)
  eden space 33280K, 100% used [0x00000000eab00000,0x00000000ecb80000,0x00000000ecb80000)
  from space 5120K, 0% used [0x00000000ed080000,0x00000000ed080000,0x00000000ed580000)
  to   space 5120K, 0% used [0x00000000ecb80000,0x00000000ecb80000,0x00000000ed080000)
 ParOldGen       total 87552K, used 0K [0x00000000c0000000, 0x00000000c5580000, 0x00000000eab00000)
  object space 87552K, 0% used [0x00000000c0000000,0x00000000c0000000,0x00000000c5580000)
 Metaspace       used 5913K, capacity 6832K, committed 7040K, reserved 1056768K
  class space    used 591K, capacity 616K, committed 640K, reserved 1048576K
Event: 3.603 GC heap after
Heap after GC invocations=1 (full 0):
 PSYoungGen      total 38400K, used 4793K [0x00000000eab00000, 0x00000000ef600000, 0x0000000100000000)
  eden space 33280K, 0% used [0x00000000eab00000,0x00000000eab00000,0x00000000ecb80000)
  from space 5120K, 93% used [0x00000000ecb80000,0x00000000ed02e4d0,0x00000000ed080000)
  to   space 5120K, 0% used [0x00000000ef100000,0x00000000ef100000,0x00000000ef600000)
 ParOldGen       total 87552K, used 8K [0x00000000c0000000, 0x00000000c5580000, 0x00000000eab00000)
  object space 87552K, 0% used [0x00000000c0000000,0x00000000c0002000,0x00000000c5580000)
 Metaspace       used 5913K, capacity 6832K, committed 7040K, reserved 1056768K
  class space    used 591K, capacity 616K, committed 640K, reserved 1048576K
}
Event: 7.670 GC heap before
{Heap before GC invocations=2 (full 0):
 PSYoungGen      total 38400K, used 38073K [0x00000000eab00000, 0x00000000ef600000, 0x0000000100000000)
  eden space 33280K, 100% used [0x00000000eab00000,0x00000000ecb80000,0x00000000ecb80000)
  from space 5120K, 93% used [0x00000000ecb80000,0x00000000ed02e4d0,0x00000000ed080000)
  to   space 5120K, 0% used [0x00000000ef100000,0x00000000ef100000,0x00000000ef600000)
 ParOldGen       total 87552K, used 8K [0x00000000c0000000, 0x00000000c5580000, 0x00000000eab00000)
  object space 87552K, 0% used [0x00000000c0000000,0x00000000c0002000,0x00000000c5580000)
 Metaspace       used 6169K, capacity 7088K, committed 7296K, reserved 1056768K
  class space    used 593K, capacity 616K, committed 640K, reserved 1048576K
Event: 7.884 GC heap after
Heap after GC invocations=2 (full 0):
 PSYoungGen      total 71680K, used 5118K [0x00000000eab00000, 0x00000000ef600000, 0x0000000100000000)
  eden space 66560K, 0% used [0x00000000eab00000,0x00000000eab00000,0x00000000eec00000)
  from space 5120K, 99% used [0x00000000ef100000,0x00000000ef5ff8c8,0x00000000ef600000)
  to   space 5120K, 0% used [0x00000000eec00000,0x00000000eec00000,0x00000000ef100000)
 ParOldGen       total 87552K, used 3097K [0x00000000c0000000, 0x00000000c5580000, 0x00000000eab00000)
  object space 87552K, 3% used [0x00000000c0000000,0x00000000c03067e0,0x00000000c5580000)
 Metaspace       used 6169K, capacity 7088K, committed 7296K, reserved 1056768K
  class space    used 593K, capacity 616K, committed 640K, reserved 1048576K
}
Event: 12.384 GC heap before
{Heap before GC invocations=3 (full 0):
 PSYoungGen      total 71680K, used 71678K [0x00000000eab00000, 0x00000000ef600000, 0x0000000100000000)
  eden space 66560K, 100% used [0x00000000eab00000,0x00000000eec00000,0x00000000eec00000)
  from space 5120K, 99% used [0x00000000ef100000,0x00000000ef5ff8c8,0x00000000ef600000)
  to   space 5120K, 0% used [0x00000000eec00000,0x00000000eec00000,0x00000000ef100000)
 ParOldGen       total 87552K, used 3097K [0x00000000c0000000, 0x00000000c5580000, 0x00000000eab00000)
  object space 87552K, 3% used [0x00000000c0000000,0x00000000c03067e0,0x00000000c5580000)
 Metaspace       used 6241K, capacity 7152K, committed 7296K, reserved 1056768K
  class space    used 595K, capacity 616K, committed 640K, reserved 1048576K
Event: 12.525 GC heap after
Heap after GC invocations=3 (full 0):
 PSYoungGen      total 71680K, used 5118K [0x00000000eab00000, 0x00000000ef600000, 0x0000000100000000)
  eden space 66560K, 0% used [0x00000000eab00000,0x00000000eab00000,0x00000000eec00000)
  from space 5120K, 99% used [0x00000000eec00000,0x00000000ef0ff8d8,0x00000000ef100000)
  to   space 5120K, 0% used [0x00000000ef100000,0x00000000ef100000,0x00000000ef600000)
 ParOldGen       total 87552K, used 13267K [0x00000000c0000000, 0x00000000c5580000, 0x00000000eab00000)
  object space 87552K, 15% used [0x00000000c0000000,0x00000000c0cf4f78,0x00000000c5580000)
 Metaspace       used 6241K, capacity 7152K, committed 7296K, reserved 1056768K
  class space    used 595K, capacity 616K, committed 640K, reserved 1048576K
}
Event: 16.174 GC heap before
{Heap before GC invocations=4 (full 0):
 PSYoungGen      total 71680K, used 71678K [0x00000000eab00000, 0x00000000ef600000, 0x0000000100000000)
  eden space 66560K, 100% used [0x00000000eab00000,0x00000000eec00000,0x00000000eec00000)
  from space 5120K, 99% used [0x00000000eec00000,0x00000000ef0ff8d8,0x00000000ef100000)
  to   space 5120K, 0% used [0x00000000ef100000,0x00000000ef100000,0x00000000ef600000)
 ParOldGen       total 87552K, used 13267K [0x00000000c0000000, 0x00000000c5580000, 0x00000000eab00000)
  object space 87552K, 15% used [0x00000000c0000000,0x00000000c0cf4f78,0x00000000c5580000)
 Metaspace       used 6345K, capacity 7216K, committed 7296K, reserved 1056768K
  class space    used 595K, capacity 616K, committed 640K, reserved 1048576K
Event: 16.491 GC heap after
Heap after GC invocations=4 (full 0):
 PSYoungGen      total 71680K, used 5102K [0x00000000eab00000, 0x00000000f3700000, 0x0000000100000000)
  eden space 66560K, 0% used [0x00000000eab00000,0x00000000eab00000,0x00000000eec00000)
  from space 5120K, 99% used [0x00000000ef100000,0x00000000ef5fb8c8,0x00000000ef600000)
  to   space 5120K, 0% used [0x00000000eec00000,0x00000000eec00000,0x00000000ef100000)
 ParOldGen       total 87552K, used 24096K [0x00000000c0000000, 0x00000000c5580000, 0x00000000eab00000)
  object space 87552K, 27% used [0x00000000c0000000,0x00000000c1788170,0x00000000c5580000)
 Metaspace       used 6345K, capacity 7216K, committed 7296K, reserved 1056768K
  class space    used 595K, capacity 616K, committed 640K, reserved 1048576K
}

Deoptimization events (10 events):
Event: 12.794 Thread 0x0000000016032800 Uncommon trap: reason=bimorphic action=maybe_recompile pc=0x0000000002532c84 method=com.android.dx.cf.code.BytecodeArray.parseInstruction(ILcom/android/dx/cf/code/BytecodeArray$Visitor;)I @ 1501
Event: 14.348 Thread 0x00000000160ad000 Uncommon trap: reason=unstable_if action=reinterpret pc=0x00000000026235b0 method=com.android.dx.cf.code.Ropper.isSynchronized()Z @ 12
Event: 14.352 Thread 0x00000000160ad000 Uncommon trap: reason=unstable_if action=reinterpret pc=0x000000000228807c method=com.android.dx.util.IntList.binarysearch(I)I @ 105
Event: 14.801 Thread 0x000000001601f800 Uncommon trap: reason=class_check action=maybe_recompile pc=0x000000000268c6f0 method=com.android.dx.cf.code.BytecodeArray.parseInstruction(ILcom/android/dx/cf/code/BytecodeArray$Visitor;)I @ 1287
Event: 14.807 Thread 0x000000001601f800 Uncommon trap: reason=class_check action=maybe_recompile pc=0x000000000268c9e4 method=com.android.dx.cf.code.BytecodeArray.parseInstruction(ILcom/android/dx/cf/code/BytecodeArray$Visitor;)I @ 1612
Event: 14.826 Thread 0x0000000016034000 Uncommon trap: reason=class_check action=maybe_recompile pc=0x000000000268c6f0 method=com.android.dx.cf.code.BytecodeArray.parseInstruction(ILcom/android/dx/cf/code/BytecodeArray$Visitor;)I @ 1287
Event: 14.876 Thread 0x0000000001cc0800 Uncommon trap: reason=unloaded action=reinterpret pc=0x00000000024f2de8 method=com.android.dx.cf.cst.ConstantPoolParser.parse0(ILjava/util/BitSet;)Lcom/android/dx/rop/cst/Constant; @ 220
Event: 14.887 Thread 0x0000000016032800 Uncommon trap: reason=unstable_if action=reinterpret pc=0x00000000022d2534 method=com.android.dx.ssa.SCCP.simulateStmt(Lcom/android/dx/ssa/SsaInsn;)V @ 53
Event: 14.898 Thread 0x0000000016032800 Uncommon trap: reason=unstable_if action=reinterpret pc=0x00000000026d42f0 method=com.android.dx.ssa.SCCP.simulateBranch(Lcom/android/dx/ssa/SsaInsn;)V @ 548
Event: 14.902 Thread 0x0000000016032800 Uncommon trap: reason=bimorphic action=maybe_recompile pc=0x00000000025e0468 method=java.util.HashMap.putVal(ILjava/lang/Object;Ljava/lang/Object;ZZ)Ljava/lang/Object; @ 203

Internal exceptions (3 events):
Event: 0.077 Thread 0x0000000001cc0800 Exception <a 'java/lang/NoSuchMethodError': Method sun.misc.Unsafe.defineClass(Ljava/lang/String;[BII)Ljava/lang/Class; name or signature does not match> (0x00000000eab0cde0) thrown at [C:\re\workspace\8-2-build-windows-amd64-cygwin\jdk8u45\3457\hotspot\sr6rêR ®³?
Event: 0.077 Thread 0x0000000001cc0800 Exception <a 'java/lang/NoSuchMethodError': Method sun.misc.Unsafe.prefetchRead(Ljava/lang/Object;J)V name or signature does not match> (0x00000000eab0d070) thrown at [C:\re\workspace\8-2-build-windows-amd64-cygwin\jdk8u45\3457\hotspot\src\share\vm\prims\jóÙ«gfá@
Event: 5.970 Thread 0x000000001601f800 Implicit null exception at 0x00000000022bf022 to 0x00000000022bf125

Events (10 events):
Event: 14.898 Thread 0x0000000016032800 DEOPT UNPACKING pc=0x0000000001e0582a sp=0x0000000016dfeab8 mode 2
Event: 14.901 Thread 0x0000000016032800 Uncommon trap: trap_request=0xffffffc6 fr.pc=0x00000000025e0468
Event: 14.902 Thread 0x0000000016032800 DEOPT PACKING pc=0x00000000025e0468 sp=0x0000000016dfeae0
Event: 14.902 Thread 0x0000000016032800 DEOPT UNPACKING pc=0x0000000001e0582a sp=0x0000000016dfe9f0 mode 2
Event: 15.183 Thread 0x0000000016034000 DEOPT PACKING pc=0x000000000223bcb1 sp=0x0000000016efeb10
Event: 15.183 Thread 0x0000000016034000 DEOPT UNPACKING pc=0x0000000001e0787f sp=0x0000000016efe8a0 mode 0
Event: 15.332 loading class com/android/dx/cf/iface/ParseObserver
Event: 15.332 loading class com/android/dx/cf/iface/ParseObserver done
Event: 16.094 Executing VM operation: ParallelGCFailedAllocation
Event: 16.491 Executing VM operation: ParallelGCFailedAllocation done


Dynamic libraries:
0x00007ff61b8b0000 - 0x00007ff61b8e7000 	C:\Program Files\Java\jdk1.8.0_45\bin\java.exe
0x00007ffb2e780000 - 0x00007ffb2e92c000 	C:\Windows\SYSTEM32\ntdll.dll
0x00007ffb2e3f0000 - 0x00007ffb2e52a000 	C:\Windows\system32\KERNEL32.DLL
0x00007ffb2bda0000 - 0x00007ffb2beaf000 	C:\Windows\system32\KERNELBASE.dll
0x00007ffb2a660000 - 0x00007ffb2a6ee000 	C:\Windows\system32\apphelp.dll
0x00007ffb1ca20000 - 0x00007ffb1ca73000 	C:\Windows\AppPatch\AppPatch64\AcGenral.DLL
0x00007ffb2def0000 - 0x00007ffb2df97000 	C:\Windows\system32\msvcrt.dll
0x00007ffb2b880000 - 0x00007ffb2b8ab000 	C:\Windows\SYSTEM32\SspiCli.dll
0x00007ffb2e380000 - 0x00007ffb2e3d1000 	C:\Windows\system32\SHLWAPI.dll
0x00007ffb2d8d0000 - 0x00007ffb2da41000 	C:\Windows\system32\USER32.dll
0x00007ffb2e5e0000 - 0x00007ffb2e774000 	C:\Windows\system32\ole32.dll
0x00007ffb2c190000 - 0x00007ffb2d5a7000 	C:\Windows\system32\SHELL32.dll
0x00007ffb2b480000 - 0x00007ffb2b49e000 	C:\Windows\SYSTEM32\USERENV.dll
0x00007ffb2e1e0000 - 0x00007ffb2e285000 	C:\Windows\system32\ADVAPI32.dll
0x00007ffb1c710000 - 0x00007ffb1c72b000 	C:\Windows\SYSTEM32\MPR.dll
0x00007ffb2e0a0000 - 0x00007ffb2e1d6000 	C:\Windows\system32\RPCRT4.dll
0x00007ffb2ddf0000 - 0x00007ffb2de47000 	C:\Windows\SYSTEM32\sechost.dll
0x00007ffb2bfb0000 - 0x00007ffb2c186000 	C:\Windows\SYSTEM32\combase.dll
0x00007ffb2d5b0000 - 0x00007ffb2d700000 	C:\Windows\system32\GDI32.dll
0x00007ffb2baa0000 - 0x00007ffb2bab4000 	C:\Windows\SYSTEM32\profapi.dll
0x00007ffb29f20000 - 0x00007ffb29fbf000 	C:\Windows\SYSTEM32\SHCORE.dll
0x00007ffb2e000000 - 0x00007ffb2e034000 	C:\Windows\system32\IMM32.DLL
0x00007ffb2d700000 - 0x00007ffb2d852000 	C:\Windows\system32\MSCTF.dll
0x00007ffb291e0000 - 0x00007ffb2945a000 	C:\Windows\WinSxS\amd64_microsoft.windows.common-controls_6595b64144ccf1df_6.0.9600.17810_none_6240b9c7ecbd0bda\COMCTL32.dll
0x0000000063090000 - 0x0000000063162000 	C:\Program Files\Java\jdk1.8.0_45\jre\bin\msvcr100.dll
0x0000000061e30000 - 0x00000000626b3000 	C:\Program Files\Java\jdk1.8.0_45\jre\bin\server\jvm.dll
0x00007ffb16190000 - 0x00007ffb16199000 	C:\Windows\SYSTEM32\WSOCK32.dll
0x00007ffb281b0000 - 0x00007ffb281cf000 	C:\Windows\SYSTEM32\WINMM.dll
0x00007ffb2ab50000 - 0x00007ffb2ab5a000 	C:\Windows\SYSTEM32\VERSION.dll
0x00007ffb2d8c0000 - 0x00007ffb2d8c7000 	C:\Windows\system32\PSAPI.DLL
0x00007ffb2d860000 - 0x00007ffb2d8b8000 	C:\Windows\system32\WS2_32.dll
0x00007ffb26b90000 - 0x00007ffb26bba000 	C:\Windows\SYSTEM32\WINMMBASE.dll
0x00007ffb2e370000 - 0x00007ffb2e379000 	C:\Windows\system32\NSI.dll
0x00007ffb2bd50000 - 0x00007ffb2bd9a000 	C:\Windows\SYSTEM32\cfgmgr32.dll
0x00007ffb2a8c0000 - 0x00007ffb2a8e6000 	C:\Windows\SYSTEM32\DEVOBJ.dll
0x0000000063040000 - 0x000000006304f000 	C:\Program Files\Java\jdk1.8.0_45\jre\bin\verify.dll
0x0000000063010000 - 0x0000000063039000 	C:\Program Files\Java\jdk1.8.0_45\jre\bin\java.dll
0x0000000062ff0000 - 0x0000000063006000 	C:\Program Files\Java\jdk1.8.0_45\jre\bin\zip.dll
0x00007ffb296b0000 - 0x00007ffb29838000 	C:\Windows\SYSTEM32\dbghelp.dll

VM Arguments:
jvm_args: -Xmx1024M -Dfile.encoding=windows-1252 -Duser.country=US -Duser.language=en -Duser.variant 
java_command: com.android.dx.command.Main --dex --num-threads=4 --output C:\Users\chathuran\Downloads\android-lists-tutorial-sample\Fmf_testApp\app\build\intermediates\pre-dexed\debug\classes-96bc9b757f9c4aa08960f276a66fc3d2ea219d8a.jar C:\Users\chathuran\Downloads\android-lists-tutorial-sample\Fmf_testApp\app\build\intermediates\exploded-aar\com.android.support\support-v4\23.1.1\jars\classes.jar
java_class_path (initial): C:\Users\chathuran\AppData\Local\Android\Sdk\build-tools\23.0.2\lib\dx.jar
Launcher Type: SUN_STANDARD

Environment Variables:
PATH=C:\ProgramData\Oracle\Java\javapath;C:\Windows\system32;C:\Windows;C:\Windows\System32\Wbem;C:\Windows\System32\WindowsPowerShell\v1.0\;C:\xampp\php;C:\ProgramData\ComposerSetup\bin;C:\Program Files\nodejs\;C:\Users\chathuran\AppData\Roaming\npm
USERNAME=chathuran
OS=Windows_NT
PROCESSOR_IDENTIFIER=Intel64 Family 6 Model 61 Stepping 4, GenuineIntel



---------------  S Y S T E M  ---------------

OS: Windows 8.1 , 64 bit Build 9600 (6.3.9600.17056)

CPU:total 4 (2 cores per cpu, 2 threads per core) family 6 model 61 stepping 4, cmov, cx8, fxsr, mmx, sse, sse2, sse3, ssse3, sse4.1, sse4.2, popcnt, avx, avx2, aes, clmul, erms, 3dnowpref, lzcnt, ht, tsc, tscinvbit, bmi1, bmi2, adx

Memory: 4k page, physical 8298152k(683584k free), swap 10359684k(3952k free)

vm_info: Java HotSpot(TM) 64-Bit Server VM (25.45-b02) for windows-amd64 JRE (1.8.0_45-b14), built on Apr 10 2015 10:34:15 by "java_re" with MS VC++ 10.0 (VS2010)

time: Mon Dec 28 11:53:55 2015
elapsed time: 16 seconds (0d 0h 0m 16s)

