#
# There is insufficient memory for the Java Runtime Environment to continue.
# Native memory allocation (malloc) failed to allocate 826496 bytes for Chunk::new
# Possible reasons:
#   The system is out of physical RAM or swap space
#   In 32 bit mode, the process size limit was hit
# Possible solutions:
#   Reduce memory load on the system
#   Increase physical memory or swap space
#   Check if swap backing store is full
#   Use 64 bit Java on a 64 bit OS
#   Decrease Java heap size (-Xmx/-Xms)
#   Decrease number of Java threads
#   Decrease Java thread stack sizes (-Xss)
#   Set larger code cache with -XX:ReservedCodeCacheSize=
# This output file may be truncated or incomplete.
#
#  Out of Memory Error (allocation.cpp:390), pid=6308, tid=8616
#
# JRE version: Java(TM) SE Runtime Environment (8.0_45-b14) (build 1.8.0_45-b14)
# Java VM: Java HotSpot(TM) 64-Bit Server VM (25.45-b02 mixed mode windows-amd64 compressed oops)
# Failed to write core dump. Minidumps are not enabled by default on client versions of Windows
#

---------------  T H R E A D  ---------------

Current thread (0x0000000014ba7800):  JavaThread "C2 CompilerThread1" daemon [_thread_in_native, id=8616, stack(0x0000000016210000,0x0000000016310000)]

Stack: [0x0000000016210000,0x0000000016310000]
Native frames: (J=compiled Java code, j=interpreted, Vv=VM code, C=native code)
V  [jvm.dll+0x32b57a]


Current CompileTask:
C2:   9133 1662   !   4       com.android.dx.cf.code.RopperMachine::run (1550 bytes)


---------------  P R O C E S S  ---------------

Java Threads: ( => current thread )
  0x0000000016662800 JavaThread "pool-1-thread-4" [_thread_blocked, id=5664, stack(0x0000000016e10000,0x0000000016f10000)]
  0x0000000016661000 JavaThread "pool-1-thread-3" [_thread_blocked, id=9072, stack(0x0000000016d10000,0x0000000016e10000)]
  0x0000000016673800 JavaThread "pool-1-thread-2" [_thread_blocked, id=4552, stack(0x0000000016c10000,0x0000000016d10000)]
  0x0000000016670800 JavaThread "pool-2-thread-1" [_thread_blocked, id=5924, stack(0x0000000016b10000,0x0000000016c10000)]
  0x00000000166df800 JavaThread "pool-1-thread-1" [_thread_blocked, id=620, stack(0x0000000016a10000,0x0000000016b10000)]
  0x0000000016431000 JavaThread "Service Thread" daemon [_thread_blocked, id=7804, stack(0x0000000016810000,0x0000000016910000)]
  0x0000000014bb2000 JavaThread "C1 CompilerThread2" daemon [_thread_blocked, id=3340, stack(0x0000000016310000,0x0000000016410000)]
=>0x0000000014ba7800 JavaThread "C2 CompilerThread1" daemon [_thread_in_native, id=8616, stack(0x0000000016210000,0x0000000016310000)]
  0x0000000014b9a000 JavaThread "C2 CompilerThread0" daemon [_thread_in_native, id=5460, stack(0x0000000016110000,0x0000000016210000)]
  0x0000000014b98800 JavaThread "Attach Listener" daemon [_thread_blocked, id=8520, stack(0x0000000016010000,0x0000000016110000)]
  0x0000000014b97800 JavaThread "Signal Dispatcher" daemon [_thread_blocked, id=980, stack(0x0000000015f10000,0x0000000016010000)]
  0x00000000024c6000 JavaThread "Finalizer" daemon [_thread_blocked, id=5948, stack(0x0000000015e10000,0x0000000015f10000)]
  0x00000000024bd000 JavaThread "Reference Handler" daemon [_thread_blocked, id=3452, stack(0x0000000015d10000,0x0000000015e10000)]
  0x00000000023d0800 JavaThread "main" [_thread_in_Java, id=8876, stack(0x00000000022d0000,0x00000000023d0000)]

Other Threads:
  0x0000000014b67800 VMThread [stack: 0x0000000015c10000,0x0000000015d10000] [id=7604]
  0x0000000016431800 WatcherThread [stack: 0x0000000016910000,0x0000000016a10000] [id=180]

VM state:not at safepoint (normal execution)

VM Mutex/Monitor currently owned by a thread: None

Heap:
 PSYoungGen      total 71680K, used 28979K [0x00000000eab00000, 0x00000000ef600000, 0x0000000100000000)
  eden space 66560K, 35% used [0x00000000eab00000,0x00000000ec24d560,0x00000000eec00000)
  from space 5120K, 99% used [0x00000000ef100000,0x00000000ef5ff8e8,0x00000000ef600000)
  to   space 5120K, 0% used [0x00000000eec00000,0x00000000eec00000,0x00000000ef100000)
 ParOldGen       total 87552K, used 3244K [0x00000000c0000000, 0x00000000c5580000, 0x00000000eab00000)
  object space 87552K, 3% used [0x00000000c0000000,0x00000000c032b288,0x00000000c5580000)
 Metaspace       used 6172K, capacity 7088K, committed 7296K, reserved 1056768K
  class space    used 593K, capacity 616K, committed 640K, reserved 1048576K

Card table byte_map: [0x0000000011890000,0x0000000011aa0000] byte_map_base: 0x0000000011290000

Marking Bits: (ParMarkBitMap*) 0x0000000062634040
 Begin Bits: [0x0000000012000000, 0x0000000013000000)
 End Bits:   [0x0000000013000000, 0x0000000014000000)

Polling page: 0x0000000000970000

CodeCache: size=245760Kb used=7047Kb max_used=7047Kb free=238712Kb
 bounds [0x00000000024d0000, 0x0000000002bc0000, 0x00000000114d0000]
 total_blobs=1925 nmethods=1656 adapters=182
 compilation: enabled

Compilation events (10 events):
Event: 8.698 Thread 0x0000000014b9a000 nmethod 1640 0x0000000002b8f250 code [0x0000000002b8f3c0, 0x0000000002b8f938]
Event: 8.698 Thread 0x0000000014b9a000 1641       4       com.android.dx.ssa.SsaRenamer$1::visitBlock (16 bytes)
Event: 8.709 Thread 0x0000000014ba7800 nmethod 1645 0x0000000002bad550 code [0x0000000002bad800, 0x0000000002bafd28]
Event: 8.782 Thread 0x0000000014ba7800 1660       4       com.android.dx.rop.code.LocalVariableInfo::mergeStarts (75 bytes)
Event: 8.895 Thread 0x0000000014ba7800 nmethod 1660 0x0000000002ba86d0 code [0x0000000002ba88c0, 0x0000000002ba9a60]
Event: 8.896 Thread 0x0000000014ba7800 1664       4       com.android.dx.cf.code.BaseMachine::storeResults (90 bytes)
Event: 8.911 Thread 0x0000000014ba7800 nmethod 1664 0x0000000002bb2510 code [0x0000000002bb26c0, 0x0000000002bb2d48]
Event: 8.911 Thread 0x0000000014ba7800 1663       4       com.android.dx.cf.code.RopperMachine::getSources (264 bytes)
Event: 8.943 Thread 0x0000000014ba7800 nmethod 1663 0x0000000002bb3650 code [0x0000000002bb3840, 0x0000000002bb42d8]
Event: 8.943 Thread 0x0000000014ba7800 1662   !   4       com.android.dx.cf.code.RopperMachine::run (1550 bytes)

GC Heap History (4 events):
Event: 3.702 GC heap before
{Heap before GC invocations=1 (full 0):
 PSYoungGen      total 38400K, used 33280K [0x00000000eab00000, 0x00000000ed580000, 0x0000000100000000)
  eden space 33280K, 100% used [0x00000000eab00000,0x00000000ecb80000,0x00000000ecb80000)
  from space 5120K, 0% used [0x00000000ed080000,0x00000000ed080000,0x00000000ed580000)
  to   space 5120K, 0% used [0x00000000ecb80000,0x00000000ecb80000,0x00000000ed080000)
 ParOldGen       total 87552K, used 0K [0x00000000c0000000, 0x00000000c5580000, 0x00000000eab00000)
  object space 87552K, 0% used [0x00000000c0000000,0x00000000c0000000,0x00000000c5580000)
 Metaspace       used 5875K, capacity 6832K, committed 7040K, reserved 1056768K
  class space    used 591K, capacity 616K, committed 640K, reserved 1048576K
Event: 4.128 GC heap after
Heap after GC invocations=1 (full 0):
 PSYoungGen      total 38400K, used 5044K [0x00000000eab00000, 0x00000000ef600000, 0x0000000100000000)
  eden space 33280K, 0% used [0x00000000eab00000,0x00000000eab00000,0x00000000ecb80000)
  from space 5120K, 98% used [0x00000000ecb80000,0x00000000ed06d088,0x00000000ed080000)
  to   space 5120K, 0% used [0x00000000ef100000,0x00000000ef100000,0x00000000ef600000)
 ParOldGen       total 87552K, used 16K [0x00000000c0000000, 0x00000000c5580000, 0x00000000eab00000)
  object space 87552K, 0% used [0x00000000c0000000,0x00000000c0004000,0x00000000c5580000)
 Metaspace       used 5875K, capacity 6832K, committed 7040K, reserved 1056768K
  class space    used 591K, capacity 616K, committed 640K, reserved 1048576K
}
Event: 6.859 GC heap before
{Heap before GC invocations=2 (full 0):
 PSYoungGen      total 38400K, used 38324K [0x00000000eab00000, 0x00000000ef600000, 0x0000000100000000)
  eden space 33280K, 100% used [0x00000000eab00000,0x00000000ecb80000,0x00000000ecb80000)
  from space 5120K, 98% used [0x00000000ecb80000,0x00000000ed06d088,0x00000000ed080000)
  to   space 5120K, 0% used [0x00000000ef100000,0x00000000ef100000,0x00000000ef600000)
 ParOldGen       total 87552K, used 16K [0x00000000c0000000, 0x00000000c5580000, 0x00000000eab00000)
  object space 87552K, 0% used [0x00000000c0000000,0x00000000c0004000,0x00000000c5580000)
 Metaspace       used 6155K, capacity 7088K, committed 7296K, reserved 1056768K
  class space    used 593K, capacity 616K, committed 640K, reserved 1048576K
Event: 7.648 GC heap after
Heap after GC invocations=2 (full 0):
 PSYoungGen      total 71680K, used 5118K [0x00000000eab00000, 0x00000000ef600000, 0x0000000100000000)
  eden space 66560K, 0% used [0x00000000eab00000,0x00000000eab00000,0x00000000eec00000)
  from space 5120K, 99% used [0x00000000ef100000,0x00000000ef5ff8e8,0x00000000ef600000)
  to   space 5120K, 0% used [0x00000000eec00000,0x00000000eec00000,0x00000000ef100000)
 ParOldGen       total 87552K, used 3244K [0x00000000c0000000, 0x00000000c5580000, 0x00000000eab00000)
  object space 87552K, 3% used [0x00000000c0000000,0x00000000c032b288,0x00000000c5580000)
 Metaspace       used 6155K, capacity 7088K, committed 7296K, reserved 1056768K
  class space    used 593K, capacity 616K, committed 640K, reserved 1048576K
}

Deoptimization events (10 events):
Event: 4.579 Thread 0x0000000016673800 Uncommon trap: reason=class_check action=maybe_recompile pc=0x000000000285991c method=com.android.dx.rop.type.Type.equals(Ljava/lang/Object;)Z @ 8
Event: 4.580 Thread 0x0000000016673800 Uncommon trap: reason=class_check action=maybe_recompile pc=0x000000000285991c method=com.android.dx.rop.type.Type.equals(Ljava/lang/Object;)Z @ 8
Event: 4.580 Thread 0x0000000016673800 Uncommon trap: reason=class_check action=maybe_recompile pc=0x000000000285991c method=com.android.dx.rop.type.Type.equals(Ljava/lang/Object;)Z @ 8
Event: 4.585 Thread 0x0000000016673800 Uncommon trap: reason=class_check action=maybe_recompile pc=0x000000000285991c method=com.android.dx.rop.type.Type.equals(Ljava/lang/Object;)Z @ 8
Event: 4.797 Thread 0x00000000023d0800 Uncommon trap: reason=unloaded action=reinterpret pc=0x00000000029c1ad4 method=com.android.dx.cf.cst.ConstantPoolParser.parse0(ILjava/util/BitSet;)Lcom/android/dx/rop/cst/Constant; @ 198
Event: 4.809 Thread 0x00000000023d0800 Uncommon trap: reason=class_check action=maybe_recompile pc=0x00000000028d2684 method=com.android.dx.rop.type.Type.equals(Ljava/lang/Object;)Z @ 8
Event: 4.811 Thread 0x00000000023d0800 Uncommon trap: reason=unstable_if action=reinterpret pc=0x00000000029053dc method=com.android.dx.rop.cst.Constant.compareTo(Lcom/android/dx/rop/cst/Constant;)I @ 12
Event: 5.435 Thread 0x0000000016662800 Uncommon trap: reason=class_check action=maybe_recompile pc=0x0000000002775460 method=com.android.dx.rop.type.Type.equals(Ljava/lang/Object;)Z @ 8
Event: 5.975 Thread 0x00000000023d0800 Uncommon trap: reason=unstable_if action=reinterpret pc=0x0000000002accaac method=com.android.dx.ssa.LocalVariableExtractor.processBlock(I)V @ 251
Event: 7.892 Thread 0x00000000023d0800 Uncommon trap: reason=unstable_if action=reinterpret pc=0x0000000002b80a74 method=com.android.dx.ssa.SsaRenamer$BlockRenamer.visitMoveInsn(Lcom/android/dx/ssa/NormalSsaInsn;)V @ 104

Internal exceptions (2 events):
Event: 0.099 Thread 0x00000000023d0800 Exception <a 'java/lang/NoSuchMethodError': Method sun.misc.Unsafe.defineClass(Ljava/lang/String;[BII)Ljava/lang/Class; name or signature does not match> (0x00000000eab0d160) thrown at [C:\re\workspace\8-2-build-windows-amd64-cygwin\jdk8u45\3457\hotspot\sryhpj¹?
Event: 0.099 Thread 0x00000000023d0800 Exception <a 'java/lang/NoSuchMethodError': Method sun.misc.Unsafe.prefetchRead(Ljava/lang/Object;J)V name or signature does not match> (0x00000000eab0d3f0) thrown at [C:\re\workspace\8-2-build-windows-amd64-cygwin\jdk8u45\3457\hotspot\src\share\vm\prims\j

Events (10 events):
Event: 5.937 Thread 0x00000000023d0800 DEOPT PACKING pc=0x00000000028d028a sp=0x00000000023ce6b0
Event: 5.939 Thread 0x00000000023d0800 DEOPT UNPACKING pc=0x000000000251787f sp=0x00000000023ce418 mode 0
Event: 5.975 Thread 0x00000000023d0800 Uncommon trap: trap_request=0xffffff65 fr.pc=0x0000000002accaac
Event: 5.975 Thread 0x00000000023d0800 DEOPT PACKING pc=0x0000000002accaac sp=0x00000000023ce850
Event: 5.975 Thread 0x00000000023d0800 DEOPT UNPACKING pc=0x000000000251582a sp=0x00000000023ce840 mode 2
Event: 6.859 Executing VM operation: ParallelGCFailedAllocation
Event: 7.648 Executing VM operation: ParallelGCFailedAllocation done
Event: 7.892 Thread 0x00000000023d0800 Uncommon trap: trap_request=0xffffff65 fr.pc=0x0000000002b80a74
Event: 7.892 Thread 0x00000000023d0800 DEOPT PACKING pc=0x0000000002b80a74 sp=0x00000000023ce6f0
Event: 7.892 Thread 0x00000000023d0800 DEOPT UNPACKING pc=0x000000000251582a sp=0x00000000023ce580 mode 2


Dynamic libraries:
0x00007ff61b8b0000 - 0x00007ff61b8e7000 	C:\Program Files\Java\jdk1.8.0_45\bin\java.exe
0x00007ffb2e780000 - 0x00007ffb2e92c000 	C:\Windows\SYSTEM32\ntdll.dll
0x00007ffb2e3f0000 - 0x00007ffb2e52a000 	C:\Windows\system32\KERNEL32.DLL
0x00007ffb2bda0000 - 0x00007ffb2beaf000 	C:\Windows\system32\KERNELBASE.dll
0x00007ffb2a660000 - 0x00007ffb2a6ee000 	C:\Windows\system32\apphelp.dll
0x00007ffb1ca20000 - 0x00007ffb1ca73000 	C:\Windows\AppPatch\AppPatch64\AcGenral.DLL
0x00007ffb2def0000 - 0x00007ffb2df97000 	C:\Windows\system32\msvcrt.dll
0x00007ffb2b880000 - 0x00007ffb2b8ab000 	C:\Windows\SYSTEM32\SspiCli.dll
0x00007ffb2e380000 - 0x00007ffb2e3d1000 	C:\Windows\system32\SHLWAPI.dll
0x00007ffb2d8d0000 - 0x00007ffb2da41000 	C:\Windows\system32\USER32.dll
0x00007ffb2e5e0000 - 0x00007ffb2e774000 	C:\Windows\system32\ole32.dll
0x00007ffb2c190000 - 0x00007ffb2d5a7000 	C:\Windows\system32\SHELL32.dll
0x00007ffb2b480000 - 0x00007ffb2b49e000 	C:\Windows\SYSTEM32\USERENV.dll
0x00007ffb2e1e0000 - 0x00007ffb2e285000 	C:\Windows\system32\ADVAPI32.dll
0x00007ffb1c710000 - 0x00007ffb1c72b000 	C:\Windows\SYSTEM32\MPR.dll
0x00007ffb2e0a0000 - 0x00007ffb2e1d6000 	C:\Windows\system32\RPCRT4.dll
0x00007ffb2ddf0000 - 0x00007ffb2de47000 	C:\Windows\SYSTEM32\sechost.dll
0x00007ffb2bfb0000 - 0x00007ffb2c186000 	C:\Windows\SYSTEM32\combase.dll
0x00007ffb2d5b0000 - 0x00007ffb2d700000 	C:\Windows\system32\GDI32.dll
0x00007ffb2baa0000 - 0x00007ffb2bab4000 	C:\Windows\SYSTEM32\profapi.dll
0x00007ffb29f20000 - 0x00007ffb29fbf000 	C:\Windows\SYSTEM32\SHCORE.dll
0x00007ffb2e000000 - 0x00007ffb2e034000 	C:\Windows\system32\IMM32.DLL
0x00007ffb2d700000 - 0x00007ffb2d852000 	C:\Windows\system32\MSCTF.dll
0x00007ffb291e0000 - 0x00007ffb2945a000 	C:\Windows\WinSxS\amd64_microsoft.windows.common-controls_6595b64144ccf1df_6.0.9600.17810_none_6240b9c7ecbd0bda\COMCTL32.dll
0x0000000063090000 - 0x0000000063162000 	C:\Program Files\Java\jdk1.8.0_45\jre\bin\msvcr100.dll
0x0000000061e30000 - 0x00000000626b3000 	C:\Program Files\Java\jdk1.8.0_45\jre\bin\server\jvm.dll
0x00007ffb16190000 - 0x00007ffb16199000 	C:\Windows\SYSTEM32\WSOCK32.dll
0x00007ffb281b0000 - 0x00007ffb281cf000 	C:\Windows\SYSTEM32\WINMM.dll
0x00007ffb2ab50000 - 0x00007ffb2ab5a000 	C:\Windows\SYSTEM32\VERSION.dll
0x00007ffb2d8c0000 - 0x00007ffb2d8c7000 	C:\Windows\system32\PSAPI.DLL
0x00007ffb2d860000 - 0x00007ffb2d8b8000 	C:\Windows\system32\WS2_32.dll
0x00007ffb26b90000 - 0x00007ffb26bba000 	C:\Windows\SYSTEM32\WINMMBASE.dll
0x00007ffb2e370000 - 0x00007ffb2e379000 	C:\Windows\system32\NSI.dll
0x00007ffb2bd50000 - 0x00007ffb2bd9a000 	C:\Windows\SYSTEM32\cfgmgr32.dll
0x00007ffb2a8c0000 - 0x00007ffb2a8e6000 	C:\Windows\SYSTEM32\DEVOBJ.dll
0x0000000063040000 - 0x000000006304f000 	C:\Program Files\Java\jdk1.8.0_45\jre\bin\verify.dll
0x0000000063010000 - 0x0000000063039000 	C:\Program Files\Java\jdk1.8.0_45\jre\bin\java.dll
0x0000000062ff0000 - 0x0000000063006000 	C:\Program Files\Java\jdk1.8.0_45\jre\bin\zip.dll

VM Arguments:
jvm_args: -Xmx1024M -Dfile.encoding=windows-1252 -Duser.country=US -Duser.language=en -Duser.variant 
java_command: com.android.dx.command.Main --dex --num-threads=4 --output C:\Users\chathuran\Downloads\android-lists-tutorial-sample\Fmf_testApp\app\build\intermediates\pre-dexed\debug\classes-96bc9b757f9c4aa08960f276a66fc3d2ea219d8a.jar C:\Users\chathuran\Downloads\android-lists-tutorial-sample\Fmf_testApp\app\build\intermediates\exploded-aar\com.android.support\support-v4\23.1.1\jars\classes.jar
java_class_path (initial): C:\Users\chathuran\AppData\Local\Android\Sdk\build-tools\23.0.2\lib\dx.jar
Launcher Type: SUN_STANDARD

Environment Variables:
PATH=C:\ProgramData\Oracle\Java\javapath;C:\Windows\system32;C:\Windows;C:\Windows\System32\Wbem;C:\Windows\System32\WindowsPowerShell\v1.0\;C:\xampp\php;C:\ProgramData\ComposerSetup\bin;C:\Program Files\nodejs\;C:\Users\chathuran\AppData\Roaming\npm
USERNAME=chathuran
OS=Windows_NT
PROCESSOR_IDENTIFIER=Intel64 Family 6 Model 61 Stepping 4, GenuineIntel



---------------  S Y S T E M  ---------------

OS: Windows 8.1 , 64 bit Build 9600 (6.3.9600.17056)

CPU:total 4 (2 cores per cpu, 2 threads per core) family 6 model 61 stepping 4, cmov, cx8, fxsr, mmx, sse, sse2, sse3, ssse3, sse4.1, sse4.2, popcnt, avx, avx2, aes, clmul, erms, 3dnowpref, lzcnt, ht, tsc, tscinvbit, bmi1, bmi2, adx

Memory: 4k page, physical 8298152k(696324k free), swap 10359684k(1860k free)

vm_info: Java HotSpot(TM) 64-Bit Server VM (25.45-b02) for windows-amd64 JRE (1.8.0_45-b14), built on Apr 10 2015 10:34:15 by "java_re" with MS VC++ 10.0 (VS2010)

time: Mon Dec 28 11:51:00 2015
elapsed time: 9 seconds (0d 0h 0m 9s)

